-- The C compiler identification is GNU 11.4.0
-- The CXX compiler identification is GNU 11.4.0
-- Detecting C compiler ABI info
-- Detecting C compiler ABI info - done
-- Check for working C compiler: /usr/bin/cc - skipped
-- Detecting C compile features
-- Detecting C compile features - done
-- Detecting CXX compiler ABI info
-- Detecting CXX compiler ABI info - done
-- Check for working CXX compiler: /usr/bin/c++ - skipped
-- Detecting CXX compile features
-- Detecting CXX compile features - done
-- Found ament_cmake: 1.3.10 (/opt/ros/humble/share/ament_cmake/cmake)
-- Found Python3: /usr/bin/python3 (found version "3.10.12") found components: Interpreter 
-- Override CMake install command with custom implementation using symlinks instead of copying resources
-- Found rclcpp: 16.0.10 (/opt/ros/humble/share/rclcpp/cmake)
-- Found rosidl_generator_c: 3.1.5 (/opt/ros/humble/share/rosidl_generator_c/cmake)
-- Found rosidl_adapter: 3.1.5 (/opt/ros/humble/share/rosidl_adapter/cmake)
-- Found rosidl_generator_cpp: 3.1.5 (/opt/ros/humble/share/rosidl_generator_cpp/cmake)
-- Using all available rosidl_typesupport_c: rosidl_typesupport_fastrtps_c;rosidl_typesupport_introspection_c
-- Using all available rosidl_typesupport_cpp: rosidl_typesupport_fastrtps_cpp;rosidl_typesupport_introspection_cpp
-- Found rmw_implementation_cmake: 6.1.2 (/opt/ros/humble/share/rmw_implementation_cmake/cmake)
-- Found rmw_fastrtps_cpp: 6.2.7 (/opt/ros/humble/share/rmw_fastrtps_cpp/cmake)
-- Found OpenSSL: /usr/lib/x86_64-linux-gnu/libcrypto.so (found version "3.0.2")  
-- Found FastRTPS: /opt/ros/humble/include  
-- Using RMW implementation 'rmw_fastrtps_cpp' as default
-- Looking for pthread.h
-- Looking for pthread.h - found
-- Performing Test CMAKE_HAVE_LIBC_PTHREAD
-- Performing Test CMAKE_HAVE_LIBC_PTHREAD - Success
-- Found Threads: TRUE  
-- Found rclcpp_action: 16.0.10 (/opt/ros/humble/share/rclcpp_action/cmake)
-- Found nav2_msgs: 1.1.16 (/opt/ros/humble/share/nav2_msgs/cmake)
-- Found ament_lint_auto: 0.12.11 (/opt/ros/humble/share/ament_lint_auto/cmake)
-- Added test 'cppcheck' to perform static code analysis on C / C++ code
-- Configured cppcheck include dirs: 
-- Configured cppcheck exclude dirs and/or files: 
-- Added test 'flake8' to check Python code syntax and style conventions
-- Added test 'lint_cmake' to check CMake code style
-- Added test 'pep257' to check Python code against some of the docstring style conventions in PEP 257
-- Added test 'uncrustify' to check C / C++ code style
-- Configured uncrustify additional arguments: 
-- Added test 'xmllint' to check XML markup files
-- Configuring done
-- Generating done
-- Build files have been written to: /home/dhananjay/ws/nav_ws/src/build/bbot_description
[ 50%] [32mBuilding CXX object CMakeFiles/pose_navigator.dir/src/pose_navigator.cpp.o[0m
[100%] [32m[1mLinking CXX executable pose_navigator[0m
[100%] Built target pose_navigator
-- Install configuration: ""
-- Execute custom install script
-- Symlinking: /home/dhananjay/ws/nav_ws/src/install/bbot_description/share/bbot_description/config/display.rviz
-- Symlinking: /home/dhananjay/ws/nav_ws/src/install/bbot_description/share/bbot_description/config/mapper_params_online_async.yaml
-- Symlinking: /home/dhananjay/ws/nav_ws/src/install/bbot_description/share/bbot_description/config/my_controllers.yaml
-- Symlinking: /home/dhananjay/ws/nav_ws/src/install/bbot_description/share/bbot_description/config/nav2_params.yaml
-- Symlinking: /home/dhananjay/ws/nav_ws/src/install/bbot_description/share/bbot_description/config/navigationrviz.rviz
-- Symlinking: /home/dhananjay/ws/nav_ws/src/install/bbot_description/share/bbot_description/config/twist_mux.yaml
-- Symlinking: /home/dhananjay/ws/nav_ws/src/install/bbot_description/share/bbot_description/urdf/bbot.xacro
-- Symlinking: /home/dhananjay/ws/nav_ws/src/install/bbot_description/share/bbot_description/urdf/camera.xacro
-- Symlinking: /home/dhananjay/ws/nav_ws/src/install/bbot_description/share/bbot_description/urdf/diff_drive.xacro
-- Symlinking: /home/dhananjay/ws/nav_ws/src/install/bbot_description/share/bbot_description/urdf/lidar.xacro
-- Symlinking: /home/dhananjay/ws/nav_ws/src/install/bbot_description/share/bbot_description/urdf/ros2_control.xacro
-- Symlinking: /home/dhananjay/ws/nav_ws/src/install/bbot_description/share/bbot_description/launch/display.launch.py
-- Symlinking: /home/dhananjay/ws/nav_ws/src/install/bbot_description/share/bbot_description/launch/gazebo.launch.py
-- Symlinking: /home/dhananjay/ws/nav_ws/src/install/bbot_description/share/bbot_description/launch/localization_launch.py
-- Symlinking: /home/dhananjay/ws/nav_ws/src/install/bbot_description/share/bbot_description/launch/navigation.launch.py
-- Symlinking: /home/dhananjay/ws/nav_ws/src/install/bbot_description/share/bbot_description/launch/navigation_launch.py
-- Symlinking: /home/dhananjay/ws/nav_ws/src/install/bbot_description/share/bbot_description/worlds/aruco.world
-- Symlinking: /home/dhananjay/ws/nav_ws/src/install/bbot_description/share/bbot_description/meshes/base_link.stl
-- Symlinking: /home/dhananjay/ws/nav_ws/src/install/bbot_description/share/bbot_description/meshes/camera_1.stl
-- Symlinking: /home/dhananjay/ws/nav_ws/src/install/bbot_description/share/bbot_description/meshes/leftwheel_1.stl
-- Symlinking: /home/dhananjay/ws/nav_ws/src/install/bbot_description/share/bbot_description/meshes/lidar_1.stl
-- Symlinking: /home/dhananjay/ws/nav_ws/src/install/bbot_description/share/bbot_description/meshes/rightwheel_1.stl
-- Symlinking: /home/dhananjay/ws/nav_ws/src/install/bbot_description/lib/bbot_description/pose_navigator
-- Symlinking: /home/dhananjay/ws/nav_ws/src/install/bbot_description/lib/bbot_description/republisher.py
-- Symlinking: /home/dhananjay/ws/nav_ws/src/install/bbot_description/lib/bbot_description/obj_publisher.py
-- Symlinking: /home/dhananjay/ws/nav_ws/src/install/bbot_description/lib/bbot_description/image_subscriber.py
-- Symlinking: /home/dhananjay/ws/nav_ws/src/install/bbot_description/share/ament_index/resource_index/package_run_dependencies/bbot_description
-- Symlinking: /home/dhananjay/ws/nav_ws/src/install/bbot_description/share/ament_index/resource_index/parent_prefix_path/bbot_description
-- Symlinking: /home/dhananjay/ws/nav_ws/src/install/bbot_description/share/bbot_description/environment/ament_prefix_path.sh
-- Symlinking: /home/dhananjay/ws/nav_ws/src/install/bbot_description/share/bbot_description/environment/ament_prefix_path.dsv
-- Symlinking: /home/dhananjay/ws/nav_ws/src/install/bbot_description/share/bbot_description/environment/path.sh
-- Symlinking: /home/dhananjay/ws/nav_ws/src/install/bbot_description/share/bbot_description/environment/path.dsv
-- Symlinking: /home/dhananjay/ws/nav_ws/src/install/bbot_description/share/bbot_description/local_setup.bash
-- Symlinking: /home/dhananjay/ws/nav_ws/src/install/bbot_description/share/bbot_description/local_setup.sh
-- Symlinking: /home/dhananjay/ws/nav_ws/src/install/bbot_description/share/bbot_description/local_setup.zsh
-- Symlinking: /home/dhananjay/ws/nav_ws/src/install/bbot_description/share/bbot_description/local_setup.dsv
-- Symlinking: /home/dhananjay/ws/nav_ws/src/install/bbot_description/share/bbot_description/package.dsv
-- Symlinking: /home/dhananjay/ws/nav_ws/src/install/bbot_description/share/ament_index/resource_index/packages/bbot_description
-- Symlinking: /home/dhananjay/ws/nav_ws/src/install/bbot_description/share/bbot_description/cmake/bbot_descriptionConfig.cmake
-- Symlinking: /home/dhananjay/ws/nav_ws/src/install/bbot_description/share/bbot_description/cmake/bbot_descriptionConfig-version.cmake
-- Symlinking: /home/dhananjay/ws/nav_ws/src/install/bbot_description/share/bbot_description/package.xml
