-- The C compiler identification is GNU 11.4.0
-- The CXX compiler identification is GNU 11.4.0
-- Detecting C compiler ABI info
-- Detecting C compiler ABI info - done
-- Check for working C compiler: /usr/bin/cc - skipped
-- Detecting C compile features
-- Detecting C compile features - done
-- Detecting CXX compiler ABI info
-- Detecting CXX compiler ABI info - done
-- Check for working CXX compiler: /usr/bin/c++ - skipped
-- Detecting CXX compile features
-- Detecting CXX compile features - done
-- Found ament_cmake: 1.3.10 (/opt/ros/humble/share/ament_cmake/cmake)
-- Found Python3: /usr/bin/python3 (found version "3.10.12") found components: Interpreter 
-- Override CMake install command with custom implementation using symlinks instead of copying resources
-- Found rclcpp: 16.0.10 (/opt/ros/humble/share/rclcpp/cmake)
-- Found rosidl_generator_c: 3.1.5 (/opt/ros/humble/share/rosidl_generator_c/cmake)
-- Found rosidl_adapter: 3.1.5 (/opt/ros/humble/share/rosidl_adapter/cmake)
-- Found rosidl_generator_cpp: 3.1.5 (/opt/ros/humble/share/rosidl_generator_cpp/cmake)
-- Using all available rosidl_typesupport_c: rosidl_typesupport_fastrtps_c;rosidl_typesupport_introspection_c
-- Using all available rosidl_typesupport_cpp: rosidl_typesupport_fastrtps_cpp;rosidl_typesupport_introspection_cpp
-- Found rmw_implementation_cmake: 6.1.2 (/opt/ros/humble/share/rmw_implementation_cmake/cmake)
-- Found rmw_fastrtps_cpp: 6.2.7 (/opt/ros/humble/share/rmw_fastrtps_cpp/cmake)
-- Found OpenSSL: /usr/lib/x86_64-linux-gnu/libcrypto.so (found version "3.0.2")  
-- Found FastRTPS: /opt/ros/humble/include  
-- Using RMW implementation 'rmw_fastrtps_cpp' as default
-- Looking for pthread.h
-- Looking for pthread.h - found
-- Performing Test CMAKE_HAVE_LIBC_PTHREAD
-- Performing Test CMAKE_HAVE_LIBC_PTHREAD - Success
-- Found Threads: TRUE  
-- Found rclpy: 3.3.14 (/opt/ros/humble/share/rclpy/cmake)
-- Found urdf: 2.6.1 (/opt/ros/humble/share/urdf/cmake)
-- Found xacro: 2.0.8 (/opt/ros/humble/share/xacro/cmake)
-- Found ament_lint_auto: 0.12.11 (/opt/ros/humble/share/ament_lint_auto/cmake)
-- Added test 'flake8' to check Python code syntax and style conventions
-- Added test 'lint_cmake' to check CMake code style
-- Added test 'pep257' to check Python code against some of the docstring style conventions in PEP 257
-- Added test 'xmllint' to check XML markup files
-- Configuring done
-- Generating done
-- Build files have been written to: /home/dhananjay/ws/nav_ws/src/build/robot_nav2
-- Install configuration: ""
-- Execute custom install script
-- Symlinking: /home/dhananjay/ws/nav_ws/src/install/robot_nav2/share/robot_nav2//launch/nav2_bringup.launch.py
-- Symlinking: /home/dhananjay/ws/nav_ws/src/install/robot_nav2/share/robot_nav2//config/ekf.yaml
-- Symlinking: /home/dhananjay/ws/nav_ws/src/install/robot_nav2/share/robot_nav2//config/mapper_params_online_async.yaml
-- Symlinking: /home/dhananjay/ws/nav_ws/src/install/robot_nav2/share/robot_nav2//map/aruco_map.pgm
-- Symlinking: /home/dhananjay/ws/nav_ws/src/install/robot_nav2/share/robot_nav2//map/aruco_map.yaml
-- Symlinking: /home/dhananjay/ws/nav_ws/src/install/robot_nav2/share/robot_nav2//map/aruco_world.pgm
-- Symlinking: /home/dhananjay/ws/nav_ws/src/install/robot_nav2/share/robot_nav2//map/aruco_world.yaml
-- Symlinking: /home/dhananjay/ws/nav_ws/src/install/robot_nav2/share/robot_nav2//map/my_map.posegraph
-- Symlinking: /home/dhananjay/ws/nav_ws/src/install/robot_nav2/share/robot_nav2//map/my_map_new.data
-- Symlinking: /home/dhananjay/ws/nav_ws/src/install/robot_nav2/share/robot_nav2//map/my_map_new.pgm
-- Symlinking: /home/dhananjay/ws/nav_ws/src/install/robot_nav2/share/robot_nav2//map/my_map_new.yaml
-- Symlinking: /home/dhananjay/ws/nav_ws/src/install/robot_nav2/share/robot_nav2//params/nav2_params.yaml
-- Symlinking: /home/dhananjay/ws/nav_ws/src/install/robot_nav2/share/robot_nav2//rviz/nav2_default_view.rviz
-- Symlinking: /home/dhananjay/ws/nav_ws/src/install/robot_nav2/share/robot_nav2//scripts/scripts_file_here.text
-- Symlinking: /home/dhananjay/ws/nav_ws/src/install/robot_nav2/share/ament_index/resource_index/package_run_dependencies/robot_nav2
-- Symlinking: /home/dhananjay/ws/nav_ws/src/install/robot_nav2/share/ament_index/resource_index/parent_prefix_path/robot_nav2
-- Symlinking: /home/dhananjay/ws/nav_ws/src/install/robot_nav2/share/robot_nav2/environment/ament_prefix_path.sh
-- Symlinking: /home/dhananjay/ws/nav_ws/src/install/robot_nav2/share/robot_nav2/environment/ament_prefix_path.dsv
-- Symlinking: /home/dhananjay/ws/nav_ws/src/install/robot_nav2/share/robot_nav2/environment/path.sh
-- Symlinking: /home/dhananjay/ws/nav_ws/src/install/robot_nav2/share/robot_nav2/environment/path.dsv
-- Symlinking: /home/dhananjay/ws/nav_ws/src/install/robot_nav2/share/robot_nav2/local_setup.bash
-- Symlinking: /home/dhananjay/ws/nav_ws/src/install/robot_nav2/share/robot_nav2/local_setup.sh
-- Symlinking: /home/dhananjay/ws/nav_ws/src/install/robot_nav2/share/robot_nav2/local_setup.zsh
-- Symlinking: /home/dhananjay/ws/nav_ws/src/install/robot_nav2/share/robot_nav2/local_setup.dsv
-- Symlinking: /home/dhananjay/ws/nav_ws/src/install/robot_nav2/share/robot_nav2/package.dsv
-- Symlinking: /home/dhananjay/ws/nav_ws/src/install/robot_nav2/share/ament_index/resource_index/packages/robot_nav2
-- Symlinking: /home/dhananjay/ws/nav_ws/src/install/robot_nav2/share/robot_nav2/cmake/robot_nav2Config.cmake
-- Symlinking: /home/dhananjay/ws/nav_ws/src/install/robot_nav2/share/robot_nav2/cmake/robot_nav2Config-version.cmake
-- Symlinking: /home/dhananjay/ws/nav_ws/src/install/robot_nav2/share/robot_nav2/package.xml
